<?xml version="1.0" encoding="UTF-8"?>
<!-- Generated by org.testng.reporters.JUnitReportReporter -->
<testsuite hostname="Lenovo" failures="0" tests="1" name="TestScripts.LoginTest" time="0.054" errors="0" timestamp="2024-01-29T18:36:36 IST" skipped="0">
  <testcase classname="TestScripts.LoginTest" name="login_001" time="0.054"/>
</testsuite> <!-- TestScripts.LoginTest -->
