<?xml version="1.0" encoding="UTF-8"?>
<!-- Generated by org.testng.reporters.JUnitReportReporter -->
<testsuite hostname="Lenovo" failures="0" tests="1" name="Reports.RepostExample" time="51.142" errors="0" timestamp="2024-02-06T18:02:05 IST" skipped="0">
  <testcase classname="Reports.RepostExample" name="test" time="51.142"/>
</testsuite> <!-- Reports.RepostExample -->
